<?xml version="1.0" encoding="UTF-8"?>
<testsuite xmlns:xsi="http://www.w3.org/2001/XMLSchema-instance" xsi:noNamespaceSchemaLocation="https://maven.apache.org/surefire/maven-surefire-plugin/xsd/surefire-test-report-3.0.xsd" version="3.0" name="TestSuite" time="11.594" tests="15" errors="0" skipped="0" failures="0">
  <properties>
    <property name="java.specification.version" value="22"/>
    <property name="sun.cpu.isalist" value="amd64"/>
    <property name="sun.jnu.encoding" value="Cp1252"/>
    <property name="java.class.path" value="C:\Users\kkkkr\OneDrive\Desktop\masai\unit3\sdet201\eclipse\Restassured_jenmkins\target\test-classes;C:\Users\kkkkr\OneDrive\Desktop\masai\unit3\sdet201\eclipse\Restassured_jenmkins\target\classes;C:\Users\kkkkr\.m2\repository\io\rest-assured\rest-assured\4.5.1\rest-assured-4.5.1.jar;C:\Users\kkkkr\.m2\repository\org\codehaus\groovy\groovy\3.0.9\groovy-3.0.9.jar;C:\Users\kkkkr\.m2\repository\org\codehaus\groovy\groovy-xml\3.0.9\groovy-xml-3.0.9.jar;C:\Users\kkkkr\.m2\repository\org\apache\httpcomponents\httpclient\4.5.13\httpclient-4.5.13.jar;C:\Users\kkkkr\.m2\repository\org\apache\httpcomponents\httpcore\4.4.13\httpcore-4.4.13.jar;C:\Users\kkkkr\.m2\repository\commons-logging\commons-logging\1.2\commons-logging-1.2.jar;C:\Users\kkkkr\.m2\repository\commons-codec\commons-codec\1.11\commons-codec-1.11.jar;C:\Users\kkkkr\.m2\repository\org\apache\httpcomponents\httpmime\4.5.13\httpmime-4.5.13.jar;C:\Users\kkkkr\.m2\repository\org\hamcrest\hamcrest\2.1\hamcrest-2.1.jar;C:\Users\kkkkr\.m2\repository\org\ccil\cowan\tagsoup\tagsoup\1.2.1\tagsoup-1.2.1.jar;C:\Users\kkkkr\.m2\repository\org\testng\testng\7.7.1\testng-7.7.1.jar;C:\Users\kkkkr\.m2\repository\org\slf4j\slf4j-api\1.7.36\slf4j-api-1.7.36.jar;C:\Users\kkkkr\.m2\repository\com\beust\jcommander\1.82\jcommander-1.82.jar;C:\Users\kkkkr\.m2\repository\org\webjars\jquery\3.6.1\jquery-3.6.1.jar;C:\Users\kkkkr\.m2\repository\com\googlecode\json-simple\json-simple\1.1.1\json-simple-1.1.1.jar;C:\Users\kkkkr\.m2\repository\junit\junit\4.10\junit-4.10.jar;C:\Users\kkkkr\.m2\repository\org\hamcrest\hamcrest-core\1.1\hamcrest-core-1.1.jar;C:\Users\kkkkr\.m2\repository\org\jsoup\jsoup\1.14.3\jsoup-1.14.3.jar;C:\Users\kkkkr\.m2\repository\io\rest-assured\json-path\4.5.1\json-path-4.5.1.jar;C:\Users\kkkkr\.m2\repository\org\codehaus\groovy\groovy-json\3.0.9\groovy-json-3.0.9.jar;C:\Users\kkkkr\.m2\repository\io\rest-assured\rest-assured-common\4.5.1\rest-assured-common-4.5.1.jar;C:\Users\kkkkr\.m2\repository\io\rest-assured\xml-path\4.5.1\xml-path-4.5.1.jar;C:\Users\kkkkr\.m2\repository\org\apache\commons\commons-lang3\3.11\commons-lang3-3.11.jar;C:\Users\kkkkr\.m2\repository\io\rest-assured\json-schema-validator\4.5.1\json-schema-validator-4.5.1.jar;C:\Users\kkkkr\.m2\repository\com\github\java-json-tools\json-schema-validator\2.2.14\json-schema-validator-2.2.14.jar;C:\Users\kkkkr\.m2\repository\com\google\guava\guava\28.2-android\guava-28.2-android.jar;C:\Users\kkkkr\.m2\repository\com\google\guava\failureaccess\1.0.1\failureaccess-1.0.1.jar;C:\Users\kkkkr\.m2\repository\com\google\guava\listenablefuture\9999.0-empty-to-avoid-conflict-with-guava\listenablefuture-9999.0-empty-to-avoid-conflict-with-guava.jar;C:\Users\kkkkr\.m2\repository\org\checkerframework\checker-compat-qual\2.5.5\checker-compat-qual-2.5.5.jar;C:\Users\kkkkr\.m2\repository\com\google\errorprone\error_prone_annotations\2.3.4\error_prone_annotations-2.3.4.jar;C:\Users\kkkkr\.m2\repository\com\google\j2objc\j2objc-annotations\1.3\j2objc-annotations-1.3.jar;C:\Users\kkkkr\.m2\repository\com\github\java-json-tools\jackson-coreutils-equivalence\1.0\jackson-coreutils-equivalence-1.0.jar;C:\Users\kkkkr\.m2\repository\com\fasterxml\jackson\core\jackson-databind\2.11.0\jackson-databind-2.11.0.jar;C:\Users\kkkkr\.m2\repository\com\fasterxml\jackson\core\jackson-annotations\2.11.0\jackson-annotations-2.11.0.jar;C:\Users\kkkkr\.m2\repository\com\fasterxml\jackson\core\jackson-core\2.11.0\jackson-core-2.11.0.jar;C:\Users\kkkkr\.m2\repository\com\github\java-json-tools\jackson-coreutils\2.0\jackson-coreutils-2.0.jar;C:\Users\kkkkr\.m2\repository\com\github\java-json-tools\msg-simple\1.2\msg-simple-1.2.jar;C:\Users\kkkkr\.m2\repository\com\github\java-json-tools\btf\1.3\btf-1.3.jar;C:\Users\kkkkr\.m2\repository\com\github\java-json-tools\json-schema-core\1.2.14\json-schema-core-1.2.14.jar;C:\Users\kkkkr\.m2\repository\com\github\java-json-tools\uri-template\0.10\uri-template-0.10.jar;C:\Users\kkkkr\.m2\repository\org\mozilla\rhino\1.7.7.2\rhino-1.7.7.2.jar;C:\Users\kkkkr\.m2\repository\com\sun\mail\mailapi\1.6.2\mailapi-1.6.2.jar;C:\Users\kkkkr\.m2\repository\joda-time\joda-time\2.10.5\joda-time-2.10.5.jar;C:\Users\kkkkr\.m2\repository\com\googlecode\libphonenumber\libphonenumber\8.11.1\libphonenumber-8.11.1.jar;C:\Users\kkkkr\.m2\repository\com\google\code\findbugs\jsr305\3.0.2\jsr305-3.0.2.jar;C:\Users\kkkkr\.m2\repository\net\sf\jopt-simple\jopt-simple\5.0.4\jopt-simple-5.0.4.jar;"/>
    <property name="java.vm.vendor" value="Oracle Corporation"/>
    <property name="sun.arch.data.model" value="64"/>
    <property name="user.variant" value=""/>
    <property name="java.vendor.url" value="https://java.oracle.com/"/>
    <property name="user.timezone" value="Asia/Calcutta"/>
    <property name="os.name" value="Windows 10"/>
    <property name="java.vm.specification.version" value="22"/>
    <property name="sun.java.launcher" value="SUN_STANDARD"/>
    <property name="user.country" value="US"/>
    <property name="sun.boot.library.path" value="C:\Program Files\Java\jdk-22\bin"/>
    <property name="sun.java.command" value="C:\Users\kkkkr\AppData\Local\Temp\surefire17126983838772611063\surefirebooter10387656160068027082.jar C:\Users\kkkkr\AppData\Local\Temp\surefire17126983838772611063 2024-07-11T11-04-55_039-jvmRun1 surefire7718011780692168144tmp surefire_01831410230146779111tmp"/>
    <property name="jdk.debug" value="release"/>
    <property name="surefire.test.class.path" value="C:\Users\kkkkr\OneDrive\Desktop\masai\unit3\sdet201\eclipse\Restassured_jenmkins\target\test-classes;C:\Users\kkkkr\OneDrive\Desktop\masai\unit3\sdet201\eclipse\Restassured_jenmkins\target\classes;C:\Users\kkkkr\.m2\repository\io\rest-assured\rest-assured\4.5.1\rest-assured-4.5.1.jar;C:\Users\kkkkr\.m2\repository\org\codehaus\groovy\groovy\3.0.9\groovy-3.0.9.jar;C:\Users\kkkkr\.m2\repository\org\codehaus\groovy\groovy-xml\3.0.9\groovy-xml-3.0.9.jar;C:\Users\kkkkr\.m2\repository\org\apache\httpcomponents\httpclient\4.5.13\httpclient-4.5.13.jar;C:\Users\kkkkr\.m2\repository\org\apache\httpcomponents\httpcore\4.4.13\httpcore-4.4.13.jar;C:\Users\kkkkr\.m2\repository\commons-logging\commons-logging\1.2\commons-logging-1.2.jar;C:\Users\kkkkr\.m2\repository\commons-codec\commons-codec\1.11\commons-codec-1.11.jar;C:\Users\kkkkr\.m2\repository\org\apache\httpcomponents\httpmime\4.5.13\httpmime-4.5.13.jar;C:\Users\kkkkr\.m2\repository\org\hamcrest\hamcrest\2.1\hamcrest-2.1.jar;C:\Users\kkkkr\.m2\repository\org\ccil\cowan\tagsoup\tagsoup\1.2.1\tagsoup-1.2.1.jar;C:\Users\kkkkr\.m2\repository\org\testng\testng\7.7.1\testng-7.7.1.jar;C:\Users\kkkkr\.m2\repository\org\slf4j\slf4j-api\1.7.36\slf4j-api-1.7.36.jar;C:\Users\kkkkr\.m2\repository\com\beust\jcommander\1.82\jcommander-1.82.jar;C:\Users\kkkkr\.m2\repository\org\webjars\jquery\3.6.1\jquery-3.6.1.jar;C:\Users\kkkkr\.m2\repository\com\googlecode\json-simple\json-simple\1.1.1\json-simple-1.1.1.jar;C:\Users\kkkkr\.m2\repository\junit\junit\4.10\junit-4.10.jar;C:\Users\kkkkr\.m2\repository\org\hamcrest\hamcrest-core\1.1\hamcrest-core-1.1.jar;C:\Users\kkkkr\.m2\repository\org\jsoup\jsoup\1.14.3\jsoup-1.14.3.jar;C:\Users\kkkkr\.m2\repository\io\rest-assured\json-path\4.5.1\json-path-4.5.1.jar;C:\Users\kkkkr\.m2\repository\org\codehaus\groovy\groovy-json\3.0.9\groovy-json-3.0.9.jar;C:\Users\kkkkr\.m2\repository\io\rest-assured\rest-assured-common\4.5.1\rest-assured-common-4.5.1.jar;C:\Users\kkkkr\.m2\repository\io\rest-assured\xml-path\4.5.1\xml-path-4.5.1.jar;C:\Users\kkkkr\.m2\repository\org\apache\commons\commons-lang3\3.11\commons-lang3-3.11.jar;C:\Users\kkkkr\.m2\repository\io\rest-assured\json-schema-validator\4.5.1\json-schema-validator-4.5.1.jar;C:\Users\kkkkr\.m2\repository\com\github\java-json-tools\json-schema-validator\2.2.14\json-schema-validator-2.2.14.jar;C:\Users\kkkkr\.m2\repository\com\google\guava\guava\28.2-android\guava-28.2-android.jar;C:\Users\kkkkr\.m2\repository\com\google\guava\failureaccess\1.0.1\failureaccess-1.0.1.jar;C:\Users\kkkkr\.m2\repository\com\google\guava\listenablefuture\9999.0-empty-to-avoid-conflict-with-guava\listenablefuture-9999.0-empty-to-avoid-conflict-with-guava.jar;C:\Users\kkkkr\.m2\repository\org\checkerframework\checker-compat-qual\2.5.5\checker-compat-qual-2.5.5.jar;C:\Users\kkkkr\.m2\repository\com\google\errorprone\error_prone_annotations\2.3.4\error_prone_annotations-2.3.4.jar;C:\Users\kkkkr\.m2\repository\com\google\j2objc\j2objc-annotations\1.3\j2objc-annotations-1.3.jar;C:\Users\kkkkr\.m2\repository\com\github\java-json-tools\jackson-coreutils-equivalence\1.0\jackson-coreutils-equivalence-1.0.jar;C:\Users\kkkkr\.m2\repository\com\fasterxml\jackson\core\jackson-databind\2.11.0\jackson-databind-2.11.0.jar;C:\Users\kkkkr\.m2\repository\com\fasterxml\jackson\core\jackson-annotations\2.11.0\jackson-annotations-2.11.0.jar;C:\Users\kkkkr\.m2\repository\com\fasterxml\jackson\core\jackson-core\2.11.0\jackson-core-2.11.0.jar;C:\Users\kkkkr\.m2\repository\com\github\java-json-tools\jackson-coreutils\2.0\jackson-coreutils-2.0.jar;C:\Users\kkkkr\.m2\repository\com\github\java-json-tools\msg-simple\1.2\msg-simple-1.2.jar;C:\Users\kkkkr\.m2\repository\com\github\java-json-tools\btf\1.3\btf-1.3.jar;C:\Users\kkkkr\.m2\repository\com\github\java-json-tools\json-schema-core\1.2.14\json-schema-core-1.2.14.jar;C:\Users\kkkkr\.m2\repository\com\github\java-json-tools\uri-template\0.10\uri-template-0.10.jar;C:\Users\kkkkr\.m2\repository\org\mozilla\rhino\1.7.7.2\rhino-1.7.7.2.jar;C:\Users\kkkkr\.m2\repository\com\sun\mail\mailapi\1.6.2\mailapi-1.6.2.jar;C:\Users\kkkkr\.m2\repository\joda-time\joda-time\2.10.5\joda-time-2.10.5.jar;C:\Users\kkkkr\.m2\repository\com\googlecode\libphonenumber\libphonenumber\8.11.1\libphonenumber-8.11.1.jar;C:\Users\kkkkr\.m2\repository\com\google\code\findbugs\jsr305\3.0.2\jsr305-3.0.2.jar;C:\Users\kkkkr\.m2\repository\net\sf\jopt-simple\jopt-simple\5.0.4\jopt-simple-5.0.4.jar;"/>
    <property name="sun.cpu.endian" value="little"/>
    <property name="user.home" value="C:\Users\kkkkr"/>
    <property name="user.language" value="en"/>
    <property name="java.specification.vendor" value="Oracle Corporation"/>
    <property name="java.version.date" value="2024-04-16"/>
    <property name="java.home" value="C:\Program Files\Java\jdk-22"/>
    <property name="file.separator" value="\"/>
    <property name="basedir" value="C:\Users\kkkkr\OneDrive\Desktop\masai\unit3\sdet201\eclipse\Restassured_jenmkins"/>
    <property name="java.vm.compressedOopsMode" value="Zero based"/>
    <property name="line.separator" value="&#10;"/>
    <property name="java.vm.specification.vendor" value="Oracle Corporation"/>
    <property name="java.specification.name" value="Java Platform API Specification"/>
    <property name="surefire.real.class.path" value="C:\Users\kkkkr\AppData\Local\Temp\surefire17126983838772611063\surefirebooter10387656160068027082.jar"/>
    <property name="user.script" value=""/>
    <property name="sun.management.compiler" value="HotSpot 64-Bit Tiered Compilers"/>
    <property name="java.runtime.version" value="22.0.1+8-16"/>
    <property name="user.name" value="kkkkr"/>
    <property name="stdout.encoding" value="Cp1252"/>
    <property name="path.separator" value=";"/>
    <property name="os.version" value="10.0"/>
    <property name="java.runtime.name" value="Java(TM) SE Runtime Environment"/>
    <property name="file.encoding" value="UTF-8"/>
    <property name="java.vm.name" value="Java HotSpot(TM) 64-Bit Server VM"/>
    <property name="localRepository" value="C:\Users\kkkkr\.m2\repository"/>
    <property name="java.vendor.url.bug" value="https://bugreport.java.com/bugreport/"/>
    <property name="java.io.tmpdir" value="C:\Users\kkkkr\AppData\Local\Temp\"/>
    <property name="java.version" value="22.0.1"/>
    <property name="user.dir" value="C:\Users\kkkkr\OneDrive\Desktop\masai\unit3\sdet201\eclipse\Restassured_jenmkins"/>
    <property name="os.arch" value="amd64"/>
    <property name="java.vm.specification.name" value="Java Virtual Machine Specification"/>
    <property name="sun.os.patch.level" value=""/>
    <property name="native.encoding" value="Cp1252"/>
    <property name="java.library.path" value="C:\Program Files\Java\jdk-22\bin;C:\Windows\Sun\Java\bin;C:\Windows\system32;C:\Windows;C:\Users\kkkkr\bin;C:\Program Files\Git\mingw64\bin;C:\Program Files\Git\usr\local\bin;C:\Program Files\Git\usr\bin;C:\Program Files\Git\usr\bin;C:\Program Files\Git\mingw64\bin;C:\Program Files\Git\usr\bin;C:\Users\kkkkr\bin;C:\Users\kkkkr\.p2\pool\plugins\org.eclipse.justj.openjdk.hotspot.jre.full.win32.x86_64_22.0.1.v20240426-1149\jre\bin\server;C:\Users\kkkkr\.p2\pool\plugins\org.eclipse.justj.openjdk.hotspot.jre.full.win32.x86_64_22.0.1.v20240426-1149\jre\bin;C:\Program Files\Common Files\Oracle\Java\javapath;C:\Program Files\Eclipse Adoptium\jdk-21.0.3.9-hotspot\bin;C:\Program Files (x86)\VMware\VMware Player\bin;C:\Windows\system32;C:\Windows;C:\Windows\System32\Wbem;C:\Windows\System32\WindowsPowerShell\v1.0;C:\Windows\System32\OpenSSH;C:\Python311;C:\Python311\Scripts;C:\Program Files\nodejs;C:\ProgramData\chocolatey\bin;C:\Program Files\Git\cmd;C:\Program Files\MySQL\MySQL Server 8.0\bin;C:\Program Files\Maven\apache-maven-3.9.8\bin;C:\Program Files\MySQL\MySQL Shell 8.0\bin;C:\Users\kkkkr\AppData\Local\Programs\Python\Python312\Scripts;C:\Users\kkkkr\AppData\Local\Programs\Python\Python312;C:\Users\kkkkr\AppData\Local\Programs\Microsoft VS Code\bin;C:\Users\kkkkr\AppData\Roaming\npm;C:\Windows\System32;C:\Program Files\Git\usr\bin\vendor_perl;C:\Program Files\Git\usr\bin\core_perl;."/>
    <property name="java.vm.info" value="mixed mode, sharing"/>
    <property name="stderr.encoding" value="Cp1252"/>
    <property name="java.vendor" value="Oracle Corporation"/>
    <property name="java.vm.version" value="22.0.1+8-16"/>
    <property name="sun.io.unicode.encoding" value="UnicodeLittle"/>
    <property name="java.class.version" value="66.0"/>
  </properties>
  <testcase name="create" classname="api_testsuite.Reqres_api" time="2.859">
    <system-out><![CDATA[HTTP/1.1 201 Created
Date: Thu, 11 Jul 2024 05:34:59 GMT
Content-Type: application/json; charset=utf-8
Content-Length: 51
Connection: keep-alive
Report-To: {"group":"heroku-nel","max_age":3600,"endpoints":[{"url":"https://nel.heroku.com/reports?ts=1720676098&sid=c4c9725f-1ab0-44d8-820f-430df2718e11&s=bv82wX%2BRSVeHOXebWuBY79XNt67ouVYEIU3WajUL7aM%3D"}]}
Reporting-Endpoints: heroku-nel=https://nel.heroku.com/reports?ts=1720676098&sid=c4c9725f-1ab0-44d8-820f-430df2718e11&s=bv82wX%2BRSVeHOXebWuBY79XNt67ouVYEIU3WajUL7aM%3D
Nel: {"report_to":"heroku-nel","max_age":3600,"success_fraction":0.005,"failure_fraction":0.05,"response_headers":["Via"]}
X-Powered-By: Express
Access-Control-Allow-Origin: *
Etag: W/"33-7Lh2oGEF2pzgFP0mRZLVQjIbiJg"
Via: 1.1 vegur
CF-Cache-Status: DYNAMIC
Server: cloudflare
CF-RAY: 8a166d709f2f7f3c-MAA

{
    "id": "763",
    "createdAt": "2024-07-11T05:34:58.924Z"
}
]]></system-out>
    <system-err><![CDATA[SLF4J: Failed to load class "org.slf4j.impl.StaticLoggerBinder".
SLF4J: Defaulting to no-operation (NOP) logger implementation
SLF4J: See http://www.slf4j.org/codes.html#StaticLoggerBinder for further details.
]]></system-err>
  </testcase>
  <testcase name="delay" classname="api_testsuite.Reqres_api" time="3.532">
    <system-out><![CDATA[HTTP/1.1 200 OK
Date: Thu, 11 Jul 2024 05:35:02 GMT
Content-Type: application/json; charset=utf-8
Transfer-Encoding: chunked
Connection: keep-alive
Report-To: {"group":"heroku-nel","max_age":3600,"endpoints":[{"url":"https://nel.heroku.com/reports?ts=1720676099&sid=c4c9725f-1ab0-44d8-820f-430df2718e11&s=Oj7C9JsBRs%2BSCFvVfy%2FabE%2BbA%2BN%2Bmffn%2Ble5fDDvIO8%3D"}]}
Reporting-Endpoints: heroku-nel=https://nel.heroku.com/reports?ts=1720676099&sid=c4c9725f-1ab0-44d8-820f-430df2718e11&s=Oj7C9JsBRs%2BSCFvVfy%2FabE%2BbA%2BN%2Bmffn%2Ble5fDDvIO8%3D
Nel: {"report_to":"heroku-nel","max_age":3600,"success_fraction":0.005,"failure_fraction":0.05,"response_headers":["Via"]}
X-Powered-By: Express
Access-Control-Allow-Origin: *
Etag: W/"3e4-2RLXvr5wTg9YQ6aH95CkYoFNuO8"
Via: 1.1 vegur
CF-Cache-Status: DYNAMIC
Server: cloudflare
CF-RAY: 8a166d750ad7a8f6-MAA
Content-Encoding: gzip

{
    "page": 1,
    "per_page": 6,
    "total": 12,
    "total_pages": 2,
    "data": [
        {
            "id": 1,
            "email": "george.bluth@reqres.in",
            "first_name": "George",
            "last_name": "Bluth",
            "avatar": "https://reqres.in/img/faces/1-image.jpg"
        },
        {
            "id": 2,
            "email": "janet.weaver@reqres.in",
            "first_name": "Janet",
            "last_name": "Weaver",
            "avatar": "https://reqres.in/img/faces/2-image.jpg"
        },
        {
            "id": 3,
            "email": "emma.wong@reqres.in",
            "first_name": "Emma",
            "last_name": "Wong",
            "avatar": "https://reqres.in/img/faces/3-image.jpg"
        },
        {
            "id": 4,
            "email": "eve.holt@reqres.in",
            "first_name": "Eve",
            "last_name": "Holt",
            "avatar": "https://reqres.in/img/faces/4-image.jpg"
        },
        {
            "id": 5,
            "email": "charles.morris@reqres.in",
            "first_name": "Charles",
            "last_name": "Morris",
            "avatar": "https://reqres.in/img/faces/5-image.jpg"
        },
        {
            "id": 6,
            "email": "tracey.ramos@reqres.in",
            "first_name": "Tracey",
            "last_name": "Ramos",
            "avatar": "https://reqres.in/img/faces/6-image.jpg"
        }
    ],
    "support": {
        "url": "https://reqres.in/#support-heading",
        "text": "To keep ReqRes free, contributions towards server costs are appreciated!"
    }
}
]]></system-out>
  </testcase>
  <testcase name="delete" classname="api_testsuite.Reqres_api" time="0.516">
    <system-out><![CDATA[HTTP/1.1 204 No Content
Date: Thu, 11 Jul 2024 05:35:03 GMT
Content-Length: 0
Connection: keep-alive
Report-To: {"group":"heroku-nel","max_age":3600,"endpoints":[{"url":"https://nel.heroku.com/reports?ts=1720676103&sid=c4c9725f-1ab0-44d8-820f-430df2718e11&s=4KoeVd9UTr%2B2w%2B3L125q1wyP4ghxQQul%2FA6UsiHNF1o%3D"}]}
Reporting-Endpoints: heroku-nel=https://nel.heroku.com/reports?ts=1720676103&sid=c4c9725f-1ab0-44d8-820f-430df2718e11&s=4KoeVd9UTr%2B2w%2B3L125q1wyP4ghxQQul%2FA6UsiHNF1o%3D
Nel: {"report_to":"heroku-nel","max_age":3600,"success_fraction":0.005,"failure_fraction":0.05,"response_headers":["Via"]}
X-Powered-By: Express
Access-Control-Allow-Origin: *
Etag: W/"2-vyGp6PvFo4RvsFtPoIWeCReyIC8"
Via: 1.1 vegur
CF-Cache-Status: DYNAMIC
Server: cloudflare
CF-RAY: 8a166d8b1b1a802c-MAA
]]></system-out>
  </testcase>
  <testcase name="list_resources" classname="api_testsuite.Reqres_api" time="0.166">
    <system-out><![CDATA[HTTP/1.1 200 OK
Date: Thu, 11 Jul 2024 05:35:03 GMT
Content-Type: application/json; charset=utf-8
Transfer-Encoding: chunked
Connection: keep-alive
Report-To: {"group":"heroku-nel","max_age":3600,"endpoints":[{"url":"https://nel.heroku.com/reports?ts=1720537996&sid=c4c9725f-1ab0-44d8-820f-430df2718e11&s=yRsaM7sqpotuNT35gmhFA7Yam3sxtd1G164e4HniGNY%3D"}]}
Reporting-Endpoints: heroku-nel=https://nel.heroku.com/reports?ts=1720537996&sid=c4c9725f-1ab0-44d8-820f-430df2718e11&s=yRsaM7sqpotuNT35gmhFA7Yam3sxtd1G164e4HniGNY%3D
Nel: {"report_to":"heroku-nel","max_age":3600,"success_fraction":0.005,"failure_fraction":0.05,"response_headers":["Via"]}
X-Powered-By: Express
Access-Control-Allow-Origin: *
Etag: W/"2c1-N6Rqerxquq2kgQhL51EiSg4x0R8"
Via: 1.1 vegur
Cache-Control: max-age=14400
CF-Cache-Status: HIT
Age: 6771
Vary: Accept-Encoding
Server: cloudflare
CF-RAY: 8a166d8e3ec49147-MAA
Content-Encoding: gzip

{
    "page": 1,
    "per_page": 6,
    "total": 12,
    "total_pages": 2,
    "data": [
        {
            "id": 1,
            "name": "cerulean",
            "year": 2000,
            "color": "#98B2D1",
            "pantone_value": "15-4020"
        },
        {
            "id": 2,
            "name": "fuchsia rose",
            "year": 2001,
            "color": "#C74375",
            "pantone_value": "17-2031"
        },
        {
            "id": 3,
            "name": "true red",
            "year": 2002,
            "color": "#BF1932",
            "pantone_value": "19-1664"
        },
        {
            "id": 4,
            "name": "aqua sky",
            "year": 2003,
            "color": "#7BC4C4",
            "pantone_value": "14-4811"
        },
        {
            "id": 5,
            "name": "tigerlily",
            "year": 2004,
            "color": "#E2583E",
            "pantone_value": "17-1456"
        },
        {
            "id": 6,
            "name": "blue turquoise",
            "year": 2005,
            "color": "#53B0AE",
            "pantone_value": "15-5217"
        }
    ],
    "support": {
        "url": "https://reqres.in/#support-heading",
        "text": "To keep ReqRes free, contributions towards server costs are appreciated!"
    }
}
]]></system-out>
  </testcase>
  <testcase name="list_users" classname="api_testsuite.Reqres_api" time="0.176">
    <system-out><![CDATA[HTTP/1.1 200 OK
Date: Thu, 11 Jul 2024 05:35:03 GMT
Content-Type: application/json; charset=utf-8
Transfer-Encoding: chunked
Connection: keep-alive
Report-To: {"group":"heroku-nel","max_age":3600,"endpoints":[{"url":"https://nel.heroku.com/reports?ts=1720597675&sid=c4c9725f-1ab0-44d8-820f-430df2718e11&s=fBfg5XznX4ugQZaU1KTNJ2wC3eM0idxFO0A4Qj%2BDZKY%3D"}]}
Reporting-Endpoints: heroku-nel=https://nel.heroku.com/reports?ts=1720597675&sid=c4c9725f-1ab0-44d8-820f-430df2718e11&s=fBfg5XznX4ugQZaU1KTNJ2wC3eM0idxFO0A4Qj%2BDZKY%3D
Nel: {"report_to":"heroku-nel","max_age":3600,"success_fraction":0.005,"failure_fraction":0.05,"response_headers":["Via"]}
X-Powered-By: Express
Access-Control-Allow-Origin: *
Etag: W/"406-ut0vzoCuidvyMf8arZpMpJ6ZRDw"
Via: 1.1 vegur
Cache-Control: max-age=14400
CF-Cache-Status: HIT
Age: 6212
Vary: Accept-Encoding
Server: cloudflare
CF-RAY: 8a166d8f4dafa92b-MAA
Content-Encoding: gzip

{
    "page": 2,
    "per_page": 6,
    "total": 12,
    "total_pages": 2,
    "data": [
        {
            "id": 7,
            "email": "michael.lawson@reqres.in",
            "first_name": "Michael",
            "last_name": "Lawson",
            "avatar": "https://reqres.in/img/faces/7-image.jpg"
        },
        {
            "id": 8,
            "email": "lindsay.ferguson@reqres.in",
            "first_name": "Lindsay",
            "last_name": "Ferguson",
            "avatar": "https://reqres.in/img/faces/8-image.jpg"
        },
        {
            "id": 9,
            "email": "tobias.funke@reqres.in",
            "first_name": "Tobias",
            "last_name": "Funke",
            "avatar": "https://reqres.in/img/faces/9-image.jpg"
        },
        {
            "id": 10,
            "email": "byron.fields@reqres.in",
            "first_name": "Byron",
            "last_name": "Fields",
            "avatar": "https://reqres.in/img/faces/10-image.jpg"
        },
        {
            "id": 11,
            "email": "george.edwards@reqres.in",
            "first_name": "George",
            "last_name": "Edwards",
            "avatar": "https://reqres.in/img/faces/11-image.jpg"
        },
        {
            "id": 12,
            "email": "rachel.howell@reqres.in",
            "first_name": "Rachel",
            "last_name": "Howell",
            "avatar": "https://reqres.in/img/faces/12-image.jpg"
        }
    ],
    "support": {
        "url": "https://reqres.in/#support-heading",
        "text": "To keep ReqRes free, contributions towards server costs are appreciated!"
    }
}
]]></system-out>
  </testcase>
  <testcase name="login" classname="api_testsuite.Reqres_api" time="0.489">
    <system-out><![CDATA[HTTP/1.1 200 OK
Date: Thu, 11 Jul 2024 05:35:04 GMT
Content-Type: application/json; charset=utf-8
Content-Length: 29
Connection: keep-alive
Report-To: {"group":"heroku-nel","max_age":3600,"endpoints":[{"url":"https://nel.heroku.com/reports?ts=1720676103&sid=c4c9725f-1ab0-44d8-820f-430df2718e11&s=4KoeVd9UTr%2B2w%2B3L125q1wyP4ghxQQul%2FA6UsiHNF1o%3D"}]}
Reporting-Endpoints: heroku-nel=https://nel.heroku.com/reports?ts=1720676103&sid=c4c9725f-1ab0-44d8-820f-430df2718e11&s=4KoeVd9UTr%2B2w%2B3L125q1wyP4ghxQQul%2FA6UsiHNF1o%3D
Nel: {"report_to":"heroku-nel","max_age":3600,"success_fraction":0.005,"failure_fraction":0.05,"response_headers":["Via"]}
X-Powered-By: Express
Access-Control-Allow-Origin: *
Etag: W/"1d-lGCrvD6B7Qzk11+2C98+nGhhuec"
Via: 1.1 vegur
CF-Cache-Status: DYNAMIC
Server: cloudflare
CF-RAY: 8a166d9048f87fc2-MAA

{
    "token": "QpwL5tke4Pnpja7X4"
}
]]></system-out>
  </testcase>
  <testcase name="login_not_successful" classname="api_testsuite.Reqres_api" time="0.493">
    <system-out><![CDATA[HTTP/1.1 400 Bad Request
Date: Thu, 11 Jul 2024 05:35:04 GMT
Content-Type: application/json; charset=utf-8
Content-Length: 37
Connection: keep-alive
Report-To: {"group":"heroku-nel","max_age":3600,"endpoints":[{"url":"https://nel.heroku.com/reports?ts=1720676104&sid=c4c9725f-1ab0-44d8-820f-430df2718e11&s=GrMzfg38DknTvXRViczqW8ima0C9KJxASV1emepF9dU%3D"}]}
Reporting-Endpoints: heroku-nel=https://nel.heroku.com/reports?ts=1720676104&sid=c4c9725f-1ab0-44d8-820f-430df2718e11&s=GrMzfg38DknTvXRViczqW8ima0C9KJxASV1emepF9dU%3D
Nel: {"report_to":"heroku-nel","max_age":3600,"success_fraction":0.005,"failure_fraction":0.05,"response_headers":["Via"]}
X-Powered-By: Express
Access-Control-Allow-Origin: *
Etag: W/"25-Ik70kof1lbc973ShN5FoVPxYn7A"
Via: 1.1 vegur
CF-Cache-Status: DYNAMIC
Server: cloudflare
CF-RAY: 8a166d936e157f78-MAA

{
    "error": "Missing email or username"
}
]]></system-out>
  </testcase>
  <testcase name="lsingle_resources" classname="api_testsuite.Reqres_api" time="0.161">
    <system-out><![CDATA[HTTP/1.1 200 OK
Date: Thu, 11 Jul 2024 05:35:04 GMT
Content-Type: application/json; charset=utf-8
Transfer-Encoding: chunked
Connection: keep-alive
Report-To: {"group":"heroku-nel","max_age":3600,"endpoints":[{"url":"https://nel.heroku.com/reports?ts=1720073312&sid=c4c9725f-1ab0-44d8-820f-430df2718e11&s=05Yw4RPcajuFYMjnfC35TIhCioo71WYLRS5fAOi%2BU4U%3D"}]}
Reporting-Endpoints: heroku-nel=https://nel.heroku.com/reports?ts=1720073312&sid=c4c9725f-1ab0-44d8-820f-430df2718e11&s=05Yw4RPcajuFYMjnfC35TIhCioo71WYLRS5fAOi%2BU4U%3D
Nel: {"report_to":"heroku-nel","max_age":3600,"success_fraction":0.005,"failure_fraction":0.05,"response_headers":["Via"]}
X-Powered-By: Express
Access-Control-Allow-Origin: *
Etag: W/"e8-ov4wWh4/OY1IMQMqWgskYtOFnVs"
Via: 1.1 vegur
Cache-Control: max-age=14400
CF-Cache-Status: HIT
Age: 2017
Vary: Accept-Encoding
Server: cloudflare
CF-RAY: 8a166d967843a929-MAA
Content-Encoding: gzip

{
    "data": {
        "id": 2,
        "name": "fuchsia rose",
        "year": 2001,
        "color": "#C74375",
        "pantone_value": "17-2031"
    },
    "support": {
        "url": "https://reqres.in/#support-heading",
        "text": "To keep ReqRes free, contributions towards server costs are appreciated!"
    }
}
]]></system-out>
  </testcase>
  <testcase name="lsingle_resources_not_found" classname="api_testsuite.Reqres_api" time="0.152">
    <system-out><![CDATA[HTTP/1.1 404 Not Found
Date: Thu, 11 Jul 2024 05:35:04 GMT
Content-Type: application/json; charset=utf-8
Content-Length: 2
Connection: keep-alive
Report-To: {"group":"heroku-nel","max_age":3600,"endpoints":[{"url":"https://nel.heroku.com/reports?ts=1720676079&sid=c4c9725f-1ab0-44d8-820f-430df2718e11&s=ei%2BfJUQ4Ttr%2F8CS6071LMkt5FpaDMUGtMNdNQlqDUrw%3D"}]}
Reporting-Endpoints: heroku-nel=https://nel.heroku.com/reports?ts=1720676079&sid=c4c9725f-1ab0-44d8-820f-430df2718e11&s=ei%2BfJUQ4Ttr%2F8CS6071LMkt5FpaDMUGtMNdNQlqDUrw%3D
Nel: {"report_to":"heroku-nel","max_age":3600,"success_fraction":0.005,"failure_fraction":0.05,"response_headers":["Via"]}
X-Powered-By: Express
Access-Control-Allow-Origin: *
Etag: W/"2-vyGp6PvFo4RvsFtPoIWeCReyIC8"
Via: 1.1 vegur
Cache-Control: max-age=14400
CF-Cache-Status: HIT
Age: 25
Vary: Accept-Encoding
Server: cloudflare
CF-RAY: 8a166d977d42801f-MAA

{
    
}
]]></system-out>
  </testcase>
  <testcase name="reg_not_successful" classname="api_testsuite.Reqres_api" time="0.5">
    <system-out><![CDATA[HTTP/1.1 400 Bad Request
Date: Thu, 11 Jul 2024 05:35:05 GMT
Content-Type: application/json; charset=utf-8
Content-Length: 37
Connection: keep-alive
Report-To: {"group":"heroku-nel","max_age":3600,"endpoints":[{"url":"https://nel.heroku.com/reports?ts=1720676105&sid=c4c9725f-1ab0-44d8-820f-430df2718e11&s=%2BcTtC%2FWh8lF8T3EqSLq%2FFU%2BPG7iJY%2BvYdV6s5nw58Us%3D"}]}
Reporting-Endpoints: heroku-nel=https://nel.heroku.com/reports?ts=1720676105&sid=c4c9725f-1ab0-44d8-820f-430df2718e11&s=%2BcTtC%2FWh8lF8T3EqSLq%2FFU%2BPG7iJY%2BvYdV6s5nw58Us%3D
Nel: {"report_to":"heroku-nel","max_age":3600,"success_fraction":0.005,"failure_fraction":0.05,"response_headers":["Via"]}
X-Powered-By: Express
Access-Control-Allow-Origin: *
Etag: W/"25-Ik70kof1lbc973ShN5FoVPxYn7A"
Via: 1.1 vegur
CF-Cache-Status: DYNAMIC
Server: cloudflare
CF-RAY: 8a166d986f7917a7-MAA

{
    "error": "Missing email or username"
}
]]></system-out>
  </testcase>
  <testcase name="reg_successful" classname="api_testsuite.Reqres_api" time="0.514">
    <system-out><![CDATA[HTTP/1.1 200 OK
Date: Thu, 11 Jul 2024 05:35:05 GMT
Content-Type: application/json; charset=utf-8
Content-Length: 36
Connection: keep-alive
Report-To: {"group":"heroku-nel","max_age":3600,"endpoints":[{"url":"https://nel.heroku.com/reports?ts=1720676105&sid=c4c9725f-1ab0-44d8-820f-430df2718e11&s=%2BcTtC%2FWh8lF8T3EqSLq%2FFU%2BPG7iJY%2BvYdV6s5nw58Us%3D"}]}
Reporting-Endpoints: heroku-nel=https://nel.heroku.com/reports?ts=1720676105&sid=c4c9725f-1ab0-44d8-820f-430df2718e11&s=%2BcTtC%2FWh8lF8T3EqSLq%2FFU%2BPG7iJY%2BvYdV6s5nw58Us%3D
Nel: {"report_to":"heroku-nel","max_age":3600,"success_fraction":0.005,"failure_fraction":0.05,"response_headers":["Via"]}
X-Powered-By: Express
Access-Control-Allow-Origin: *
Etag: W/"24-4iP0za1geN2he+ohu8F0FhCjLks"
Via: 1.1 vegur
CF-Cache-Status: DYNAMIC
Server: cloudflare
CF-RAY: 8a166d9b99de7e69-MAA

{
    "id": 4,
    "token": "QpwL5tke4Pnpja7X4"
}
]]></system-out>
  </testcase>
  <testcase name="single_user" classname="api_testsuite.Reqres_api" time="0.15">
    <system-out><![CDATA[HTTP/1.1 200 OK
Date: Thu, 11 Jul 2024 05:35:06 GMT
Content-Type: application/json; charset=utf-8
Transfer-Encoding: chunked
Connection: keep-alive
Report-To: {"group":"heroku-nel","max_age":3600,"endpoints":[{"url":"https://nel.heroku.com/reports?ts=1720636208&sid=c4c9725f-1ab0-44d8-820f-430df2718e11&s=h1EC5DvFJd7taxZVGzlzq%2Bb%2BDxoAh5PhFNltCiIOSNI%3D"}]}
Reporting-Endpoints: heroku-nel=https://nel.heroku.com/reports?ts=1720636208&sid=c4c9725f-1ab0-44d8-820f-430df2718e11&s=h1EC5DvFJd7taxZVGzlzq%2Bb%2BDxoAh5PhFNltCiIOSNI%3D
Nel: {"report_to":"heroku-nel","max_age":3600,"success_fraction":0.005,"failure_fraction":0.05,"response_headers":["Via"]}
X-Powered-By: Express
Access-Control-Allow-Origin: *
Etag: W/"118-pbdwwFo9SKNhD3Lx5iHJyngpq00"
Via: 1.1 vegur
Cache-Control: max-age=14400
CF-Cache-Status: HIT
Age: 3539
Vary: Accept-Encoding
Server: cloudflare
CF-RAY: 8a166d9ebb7f7f96-MAA
Content-Encoding: gzip

{
    "data": {
        "id": 2,
        "email": "janet.weaver@reqres.in",
        "first_name": "Janet",
        "last_name": "Weaver",
        "avatar": "https://reqres.in/img/faces/2-image.jpg"
    },
    "support": {
        "url": "https://reqres.in/#support-heading",
        "text": "To keep ReqRes free, contributions towards server costs are appreciated!"
    }
}
]]></system-out>
  </testcase>
  <testcase name="single_user_not_found" classname="api_testsuite.Reqres_api" time="0.164">
    <system-out><![CDATA[HTTP/1.1 404 Not Found
Date: Thu, 11 Jul 2024 05:35:06 GMT
Content-Type: application/json; charset=utf-8
Content-Length: 2
Connection: keep-alive
Report-To: {"group":"heroku-nel","max_age":3600,"endpoints":[{"url":"https://nel.heroku.com/reports?ts=1720676033&sid=c4c9725f-1ab0-44d8-820f-430df2718e11&s=B6WwP1oEZ4aPppjJNEcKu5VcBK9mDUyuVZfrVwQiumY%3D"}]}
Reporting-Endpoints: heroku-nel=https://nel.heroku.com/reports?ts=1720676033&sid=c4c9725f-1ab0-44d8-820f-430df2718e11&s=B6WwP1oEZ4aPppjJNEcKu5VcBK9mDUyuVZfrVwQiumY%3D
Nel: {"report_to":"heroku-nel","max_age":3600,"success_fraction":0.005,"failure_fraction":0.05,"response_headers":["Via"]}
X-Powered-By: Express
Access-Control-Allow-Origin: *
Etag: W/"2-vyGp6PvFo4RvsFtPoIWeCReyIC8"
Via: 1.1 vegur
Cache-Control: max-age=14400
CF-Cache-Status: HIT
Age: 73
Vary: Accept-Encoding
Server: cloudflare
CF-RAY: 8a166d9fcb8a06a0-MAA

{
    
}
]]></system-out>
  </testcase>
  <testcase name="update" classname="api_testsuite.Reqres_api" time="0.489">
    <system-out><![CDATA[HTTP/1.1 200 OK
Date: Thu, 11 Jul 2024 05:35:06 GMT
Content-Type: application/json; charset=utf-8
Content-Length: 40
Connection: keep-alive
Report-To: {"group":"heroku-nel","max_age":3600,"endpoints":[{"url":"https://nel.heroku.com/reports?ts=1720676106&sid=c4c9725f-1ab0-44d8-820f-430df2718e11&s=4eT%2BOMMbdM%2B8gypKu4HVqWT5L3eCV3iVgQjEKdF70O0%3D"}]}
Reporting-Endpoints: heroku-nel=https://nel.heroku.com/reports?ts=1720676106&sid=c4c9725f-1ab0-44d8-820f-430df2718e11&s=4eT%2BOMMbdM%2B8gypKu4HVqWT5L3eCV3iVgQjEKdF70O0%3D
Nel: {"report_to":"heroku-nel","max_age":3600,"success_fraction":0.005,"failure_fraction":0.05,"response_headers":["Via"]}
X-Powered-By: Express
Access-Control-Allow-Origin: *
Etag: W/"28-4H4MfgBLPuZd0niyMEI8dT/iW6w"
Via: 1.1 vegur
CF-Cache-Status: DYNAMIC
Vary: Accept-Encoding
Server: cloudflare
CF-RAY: 8a166da0ce377f97-MAA

{
    "updatedAt": "2024-07-11T05:35:06.614Z"
}
]]></system-out>
  </testcase>
  <testcase name="update1" classname="api_testsuite.Reqres_api" time="0.501">
    <system-out><![CDATA[HTTP/1.1 200 OK
Date: Thu, 11 Jul 2024 05:35:07 GMT
Content-Type: application/json; charset=utf-8
Content-Length: 40
Connection: keep-alive
Report-To: {"group":"heroku-nel","max_age":3600,"endpoints":[{"url":"https://nel.heroku.com/reports?ts=1720676107&sid=c4c9725f-1ab0-44d8-820f-430df2718e11&s=MaKxditJQBRy%2BGDzYPnB022Rc1pkfR17tj8zEA1NZTo%3D"}]}
Reporting-Endpoints: heroku-nel=https://nel.heroku.com/reports?ts=1720676107&sid=c4c9725f-1ab0-44d8-820f-430df2718e11&s=MaKxditJQBRy%2BGDzYPnB022Rc1pkfR17tj8zEA1NZTo%3D
Nel: {"report_to":"heroku-nel","max_age":3600,"success_fraction":0.005,"failure_fraction":0.05,"response_headers":["Via"]}
X-Powered-By: Express
Access-Control-Allow-Origin: *
Etag: W/"28-pZ4PmfrXd+CNTgvdg1EAEc0XIkE"
Via: 1.1 vegur
CF-Cache-Status: DYNAMIC
Server: cloudflare
CF-RAY: 8a166da3c8a07f3c-MAA

{
    "updatedAt": "2024-07-11T05:35:07.119Z"
}
]]></system-out>
  </testcase>
</testsuite>