<?xml version="1.0" encoding="UTF-8"?>
<!-- Generated by org.testng.reporters.JUnitReportReporter -->
<testsuite hostname="DESKTOP-ICLD36V" failures="0" tests="15" name="api_testsuite.Reqres_api" time="11.185" errors="0" timestamp="2024-07-11T10:52:25 IST" skipped="0">
  <testcase classname="api_testsuite.Reqres_api" name="login" time="0.478"/>
  <system-out/>
  <testcase classname="api_testsuite.Reqres_api" name="reg_not_successful" time="0.508"/>
  <system-out/>
  <testcase classname="api_testsuite.Reqres_api" name="login_not_successful" time="0.497"/>
  <system-out/>
  <testcase classname="api_testsuite.Reqres_api" name="update1" time="0.481"/>
  <system-out/>
  <testcase classname="api_testsuite.Reqres_api" name="lsingle_resources_not_found" time="0.489"/>
  <system-out/>
  <testcase classname="api_testsuite.Reqres_api" name="delete" time="0.505"/>
  <system-out/>
  <testcase classname="api_testsuite.Reqres_api" name="delay" time="3.538"/>
  <system-out/>
  <testcase classname="api_testsuite.Reqres_api" name="update" time="0.505"/>
  <system-out/>
  <testcase classname="api_testsuite.Reqres_api" name="lsingle_resources" time="0.190"/>
  <system-out/>
  <testcase classname="api_testsuite.Reqres_api" name="list_resources" time="0.177"/>
  <system-out/>
  <testcase classname="api_testsuite.Reqres_api" name="create" time="2.862"/>
  <system-out/>
  <testcase classname="api_testsuite.Reqres_api" name="single_user_not_found" time="0.150"/>
  <system-out/>
  <testcase classname="api_testsuite.Reqres_api" name="list_users" time="0.155"/>
  <system-out/>
  <testcase classname="api_testsuite.Reqres_api" name="reg_successful" time="0.500"/>
  <system-out/>
  <testcase classname="api_testsuite.Reqres_api" name="single_user" time="0.150"/>
  <system-out/>
</testsuite> <!-- api_testsuite.Reqres_api -->
