<?xml version="1.0" encoding="UTF-8"?>
<!-- Generated by org.testng.reporters.JUnitReportReporter -->
<testsuite hostname="DESKTOP-ICLD36V" failures="0" tests="15" name="api_testsuite.Reqres_api" time="10.853" errors="0" timestamp="2024-07-11T11:05:07 IST" skipped="0">
  <testcase classname="api_testsuite.Reqres_api" name="list_users" time="0.176"/>
  <system-out/>
  <testcase classname="api_testsuite.Reqres_api" name="create" time="2.858"/>
  <system-out/>
  <testcase classname="api_testsuite.Reqres_api" name="reg_successful" time="0.514"/>
  <system-out/>
  <testcase classname="api_testsuite.Reqres_api" name="update1" time="0.500"/>
  <system-out/>
  <testcase classname="api_testsuite.Reqres_api" name="delete" time="0.521"/>
  <system-out/>
  <testcase classname="api_testsuite.Reqres_api" name="login_not_successful" time="0.491"/>
  <system-out/>
  <testcase classname="api_testsuite.Reqres_api" name="login" time="0.491"/>
  <system-out/>
  <testcase classname="api_testsuite.Reqres_api" name="lsingle_resources" time="0.159"/>
  <system-out/>
  <testcase classname="api_testsuite.Reqres_api" name="lsingle_resources_not_found" time="0.154"/>
  <system-out/>
  <testcase classname="api_testsuite.Reqres_api" name="single_user_not_found" time="0.164"/>
  <system-out/>
  <testcase classname="api_testsuite.Reqres_api" name="list_resources" time="0.162"/>
  <system-out/>
  <testcase classname="api_testsuite.Reqres_api" name="delay" time="3.526"/>
  <system-out/>
  <testcase classname="api_testsuite.Reqres_api" name="reg_not_successful" time="0.499"/>
  <system-out/>
  <testcase classname="api_testsuite.Reqres_api" name="single_user" time="0.149"/>
  <system-out/>
  <testcase classname="api_testsuite.Reqres_api" name="update" time="0.489"/>
  <system-out/>
</testsuite> <!-- api_testsuite.Reqres_api -->
